<?xml version="1.0" encoding="utf-8"?><testsuites><testsuite name="pytest" errors="0" failures="0" skipped="0" tests="19" time="9.795" timestamp="2025-04-17T15:53:29.263954+00:00" hostname="fv-az1360-264"><testcase classname="tests.test_cli" name="test_app_reports_version" time="0.004" /><testcase classname="tests.test_cli" name="test_app_browse_calls_webbrowser" time="0.004" /><testcase classname="tests.test_cli" name="test_app_browse_validates_content_url_is_present" time="0.003" /><testcase classname="tests.test_cli" name="test_app_browse_validates_content_url_is_valid" time="0.003" /><testcase classname="tests.test_cli" name="test_app_lists_frame_content_by_default" time="0.003" /><testcase classname="tests.test_cli" name="test_app_lists_nonframe_content_with_option" time="0.003" /><testcase classname="tests.test_cli" name="test_app_download_validates_frame_options" time="0.006" /><testcase classname="tests.test_cli" name="test_app_download_has_dry_run_option" time="4.411" /><testcase classname="tests.test_cli" name="test_app_download_validates_rename_option" time="0.521" /><testcase classname="tests.test_cli" name="test_app_download_renumber_option_requires_rename_option" time="0.536" /><testcase classname="tests.test_cli" name="test_app_download_rename_is_honored" time="0.534" /><testcase classname="tests.test_cli" name="test_app_download_rename_and_renumber_are_honored" time="0.521" /><testcase classname="tests.test_cli" name="test_app_download_calls_subprocess" time="0.007" /><testcase classname="tests.test_cli" name="test_app_download_checks_asset_name" time="0.521" /><testcase classname="tests.test_cli" name="test_app_download_validates_asset_config_values" time="2.119" /><testcase classname="tests.test_parser" name="test_parser_handles_yaml_format" time="0.002" /><testcase classname="tests.test_parser" name="test_parser_handles_json_format" time="0.002" /><testcase classname="tests.test_parser" name="test_parser_handles_csv_format" time="0.001" /><testcase classname="tests.test_parser" name="test_parser_flags_unsupported_formats" time="0.001" /></testsuite></testsuites>